2024.07.30 10:00:44 INFO  Started: Metals version 1.3.4 in folders '/Users/nishagi/myStuff/scalaPrac/practicle6' for client Visual Studio Code 1.91.1.
SLF4J(W): Class path contains multiple SLF4J providers.
SLF4J(W): Found provider [scribe.slf4j.ScribeServiceProvider@34fb9d2f]
SLF4J(W): Found provider [ch.qos.logback.classic.spi.LogbackServiceProvider@5f965755]
SLF4J(W): See https://www.slf4j.org/codes.html#multiple_bindings for an explanation.
SLF4J(I): Actual provider is of type [scribe.slf4j.ScribeServiceProvider@34fb9d2f]
2024.07.30 10:00:44 WARN  Flyway upgrade recommended: H2 2.3.230 is newer than this version of Flyway and support has not been tested. The latest supported version of H2 is 2.2.220.
2024.07.30 10:00:45 INFO  no build target found for /Users/nishagi/myStuff/scalaPrac/practicle6/code1.scala. Using presentation compiler with project's scala-library version: 3.3.3
2024.07.30 10:00:45 WARN  scala-cli >= 0.1.3 not found in PATH, fetching and starting a JVM-based Scala CLI
2024.07.30 10:00:49 INFO  no build target found for /Users/nishagi/myStuff/scalaPrac/practicle6/code1.scala. Using presentation compiler with project's scala-library version: 3.3.3
2024.07.30 10:00:54 INFO  no build target found for /Users/nishagi/myStuff/scalaPrac/practicle6/code1.scala. Using presentation compiler with project's scala-library version: 3.3.3
2024.07.30 10:00:54 WARN  no build target for: /Users/nishagi/myStuff/scalaPrac/practicle6/code1.scala
2024.07.30 10:00:54 INFO  no build target found for /Users/nishagi/myStuff/scalaPrac/practicle6/code1.scala. Using presentation compiler with project's scala-library version: 3.3.3
2024.07.30 10:00:57 INFO  no build target found for /Users/nishagi/myStuff/scalaPrac/practicle6/code1.scala. Using presentation compiler with project's scala-library version: 3.3.3
2024.07.30 10:01:02 INFO  Running List(/Library/Java/JavaVirtualMachines/jdk-17.jdk/Contents/Home/bin/java, -cp, /Users/nishagi/Library/Caches/Coursier/v1/https/repo1.maven.org/maven2/org/virtuslab/scala-cli/cli_3/1.4.1/cli_3-1.4.1.jar:/Users/nishagi/Library/Caches/Coursier/v1/https/repo1.maven.org/maven2/com/github/alexarchambault/case-app_3/2.1.0-M28/case-app_3-2.1.0-M28.jar:/Users/nishagi/Library/Caches/Coursier/v1/https/repo1.maven.org/maven2/io/get-coursier/coursier-launcher_2.13/2.1.10/coursier-launcher_2.13-2.1.10.jar:/Users/nishagi/Library/Caches/Coursier/v1/https/repo1.maven.org/maven2/io/get-coursier/coursier-proxy-setup/2.1.10/coursier-proxy-setup-2.1.10.jar:/Users/nishagi/Library/Caches/Coursier/v1/https/repo1.maven.org/maven2/io/get-coursier/publish/publish_2.13/0.1.6/publish_2.13-0.1.6.jar:/Users/nishagi/Library/Caches/Coursier/v1/https/repo1.maven.org/maven2/com/google/jimfs/jimfs/1.3.0/jimfs-1.3.0.jar:/Users/nishagi/Library/Caches/Coursier/v1/https/repo1.maven.org/maven2/io/get-coursier/jniutils/windows-jni-utils/0.3.3/windows-jni-utils-0.3.3.jar:/Users/nishagi/Library/Caches/Coursier/v1/https/repo1.maven.org/maven2/com/github/plokhotnyuk/jsoniter-scala/jsoniter-scala-core_3/2.13.5.2/jsoniter-scala-core_3-2.13.5.2.jar:/Users/nishagi/Library/Caches/Coursier/v1/https/repo1.maven.org/maven2/org/virtuslab/scala-cli/libsodiumjni/0.0.4/libsodiumjni-0.0.4.jar:/Users/nishagi/Library/Caches/Coursier/v1/https/repo1.maven.org/maven2/com/geirsson/metaconfig-typesafe-config_3/0.12.0/metaconfig-typesafe-config_3-0.12.0.jar:/Users/nishagi/Library/Caches/Coursier/v1/https/repo1.maven.org/maven2/ai/kien/python-native-libs_3/0.2.4/python-native-libs_3-0.2.4.jar:/Users/nishagi/Library/Caches/Coursier/v1/https/repo1.maven.org/maven2/org/virtuslab/scala-packager_2.13/0.1.29/scala-packager_2.13-0.1.29.jar:/Users/nishagi/Library/Caches/Coursier/v1/https/repo1.maven.org/maven2/org/virtuslab/scala-cli-signing/cli_3/0.2.3/cli_3-0.2.3.jar:/Users/nishagi/Library/Caches/Coursier/v1/https/repo1.maven.org/maven2/org/slf4j/slf4j-nop/2.0.13/slf4j-nop-2.0.13.jar:/Users/nishagi/Library/Caches/Coursier/v1/https/repo1.maven.org/maven2/com/softwaremill/sttp/client3/core_2.13/3.9.7/core_2.13-3.9.7.jar:/Users/nishagi/Library/Caches/Coursier/v1/https/repo1.maven.org/maven2/org/scala-lang/scala3-library_3/3.3.3/scala3-library_3-3.3.3.jar:/Users/nishagi/Library/Caches/Coursier/v1/https/repo1.maven.org/maven2/org/virtuslab/scala-cli/build-module_3/1.4.1/build-module_3-1.4.1.jar:/Users/nishagi/Library/Caches/Coursier/v1/https/repo1.maven.org/maven2/org/virtuslab/scala-cli/config_3/1.4.1/config_3-1.4.1.jar:/Users/nishagi/Library/Caches/Coursier/v1/https/repo1.maven.org/maven2/org/virtuslab/scala-cli/scala3-graal_3/1.4.1/scala3-graal_3-1.4.1.jar:/Users/nishagi/Library/Caches/Coursier/v1/https/repo1.maven.org/maven2/org/virtuslab/scala-cli/specification-level_3/1.4.1/specification-level_3-1.4.1.jar:/Users/nishagi/Library/Caches/Coursier/v1/https/repo1.maven.org/maven2/com/lihaoyi/sourcecode_3/0.4.2/sourcecode_3-0.4.2.jar:/Users/nishagi/Library/Caches/Coursier/v1/https/repo1.maven.org/maven2/com/github/alexarchambault/case-app-annotations_3/2.1.0-M28/case-app-annotations_3-2.1.0-M28.jar:/Users/nishagi/Library/Caches/Coursier/v1/https/repo1.maven.org/maven2/com/github/alexarchambault/case-app-util_3/2.1.0-M28/case-app-util_3-2.1.0-M28.jar:/Users/nishagi/Library/Caches/Coursier/v1/https/repo1.maven.org/maven2/io/github/alexarchambault/scala-cli/tmp/zip-input-stream/0.1.1/zip-input-stream-0.1.1.jar:/Users/nishagi/Library/Caches/Coursier/v1/https/repo1.maven.org/maven2/org/scala-lang/scala-library/2.13.14/scala-library-2.13.14.jar:/Users/nishagi/Library/Caches/Coursier/v1/https/repo1.maven.org/maven2/io/get-coursier/coursier-cache_2.13/2.1.10/coursier-cache_2.13-2.1.10.jar:/Users/nishagi/Library/Caches/Coursier/v1/https/repo1.maven.org/maven2/io/get-coursier/coursier-core_2.13/2.1.10/coursier-core_2.13-2.1.10.jar:/Users/nishagi/Library/Caches/Coursier/v1/https/repo1.maven.org/maven2/com/google/guava/guava/33.2.1-jre/guava-33.2.1-jre.jar:/Users/nishagi/Library/Caches/Coursier/v1/https/repo1.maven.org/maven2/net/java/dev/jna/jna/5.14.0/jna-5.14.0.jar:/Users/nishagi/Library/Caches/Coursier/v1/https/repo1.maven.org/maven2/net/java/dev/jna/jna-platform/5.12.1/jna-platform-5.12.1.jar:/Users/nishagi/Library/Caches/Coursier/v1/https/repo1.maven.org/maven2/com/geirsson/metaconfig-core_3/0.12.0/metaconfig-core_3-0.12.0.jar:/Users/nishagi/Library/Caches/Coursier/v1/https/repo1.maven.org/maven2/com/typesafe/config/1.4.1/config-1.4.1.jar:/Users/nishagi/Library/Caches/Coursier/v1/https/repo1.maven.org/maven2/org/scala-lang/modules/scala-collection-compat_3/2.12.0/scala-collection-compat_3-2.12.0.jar:/Users/nishagi/Library/Caches/Coursier/v1/https/repo1.maven.org/maven2/commons-io/commons-io/2.15.0/commons-io-2.15.0.jar:/Users/nishagi/Library/Caches/Coursier/v1/https/repo1.maven.org/maven2/com/google/cloud/tools/jib-core/0.22.0/jib-core-0.22.0.jar:/Users/nishagi/Library/Caches/Coursier/v1/https/repo1.maven.org/maven2/org/bouncycastle/bcpg-jdk18on/1.76/bcpg-jdk18on-1.76.jar:/Users/nishagi/Library/Caches/Coursier/v1/https/repo1.maven.org/maven2/org/virtuslab/scala-cli-signing/shared_3/0.2.3/shared_3-0.2.3.jar:/Users/nishagi/Library/Caches/Coursier/v1/https/repo1.maven.org/maven2/org/slf4j/slf4j-api/2.0.13/slf4j-api-2.0.13.jar:/Users/nishagi/Library/Caches/Coursier/v1/https/repo1.maven.org/maven2/com/softwaremill/sttp/model/core_2.13/1.7.9/core_2.13-1.7.9.jar:/Users/nishagi/Library/Caches/Coursier/v1/https/repo1.maven.org/maven2/com/softwaremill/sttp/shared/core_2.13/1.3.16/core_2.13-1.3.16.jar:/Users/nishagi/Library/Caches/Coursier/v1/https/repo1.maven.org/maven2/com/softwaremill/sttp/shared/ws_2.13/1.3.16/ws_2.13-1.3.16.jar:/Users/nishagi/Library/Caches/Coursier/v1/https/repo1.maven.org/maven2/org/ow2/asm/asm/9.7/asm-9.7.jar:/Users/nishagi/Library/Caches/Coursier/v1/https/repo1.maven.org/maven2/org/virtuslab/scala-cli/java-class-name/java-class-name_3/0.1.3/java-class-name_3-0.1.3.jar:/Users/nishagi/Library/Caches/Coursier/v1/https/repo1.maven.org/maven2/org/scalameta/semanticdb-shared_2.13.14/4.9.8/semanticdb-shared_2.13.14-4.9.8.jar:/Users/nishagi/Library/Caches/Coursier/v1/https/repo1.maven.org/maven2/org/scala-native/test-runner_3/0.5.4/test-runner_3-0.5.4.jar:/Users/nishagi/Library/Caches/Coursier/v1/https/repo1.maven.org/maven2/com/lihaoyi/os-lib_3/0.10.2/os-lib_3-0.10.2.jar:/Users/nishagi/Library/Caches/Coursier/v1/https/repo1.maven.org/maven2/com/lihaoyi/pprint_3/0.9.0/pprint_3-0.9.0.jar:/Users/nishagi/Library/Caches/Coursier/v1/https/repo1.maven.org/maven2/org/scala-js/scalajs-env-nodejs_2.13/1.4.0/scalajs-env-nodejs_2.13-1.4.0.jar:/Users/nishagi/Library/Caches/Coursier/v1/https/repo1.maven.org/maven2/org/scala-js/scalajs-sbt-test-adapter_2.13/1.16.0/scalajs-sbt-test-adapter_2.13-1.16.0.jar:/Users/nishagi/Library/Caches/Coursier/v1/https/repo1.maven.org/maven2/com/swoval/file-tree-views/2.1.12/file-tree-views-2.1.12.jar:/Users/nishagi/Library/Caches/Coursier/v1/https/repo1.maven.org/maven2/org/virtuslab/scala-cli/zip-input-stream/zip-input-stream/0.1.2/zip-input-stream-0.1.2.jar:/Users/nishagi/Library/Caches/Coursier/v1/https/repo1.maven.org/maven2/org/virtuslab/scala-cli/options_3/1.4.1/options_3-1.4.1.jar:/Users/nishagi/Library/Caches/Coursier/v1/https/repo1.maven.org/maven2/org/virtuslab/scala-cli/directives_3/1.4.1/directives_3-1.4.1.jar:/Users/nishagi/Library/Caches/Coursier/v1/https/repo1.maven.org/maven2/org/virtuslab/scala-cli/scala-cli-bsp/1.4.1/scala-cli-bsp-1.4.1.jar:/Users/nishagi/Library/Caches/Coursier/v1/https/repo1.maven.org/maven2/org/virtuslab/scala-cli/test-runner_3/1.4.1/test-runner_3-1.4.1.jar:/Users/nishagi/Library/Caches/Coursier/v1/https/repo1.maven.org/maven2/org/virtuslab/scala-cli/tasty-lib_3/1.4.1/tasty-lib_3-1.4.1.jar:/Users/nishagi/Library/Caches/Coursier/v1/https/repo1.maven.org/maven2/org/codehaus/plexus/plexus-archiver/4.9.0/plexus-archiver-4.9.0.jar:/Users/nishagi/Library/Caches/Coursier/v1/https/repo1.maven.org/maven2/org/codehaus/plexus/plexus-container-default/2.1.1/plexus-container-default-2.1.1.jar:/Users/nishagi/Library/Caches/Coursier/v1/https/repo1.maven.org/maven2/io/github/alexarchambault/windows-ansi/windows-ansi/0.0.5/windows-ansi-0.0.5.jar:/Users/nishagi/Library/Caches/Coursier/v1/https/repo1.maven.org/maven2/io/get-coursier/coursier-util_2.13/2.1.10/coursier-util_2.13-2.1.10.jar:/Users/nishagi/Library/Caches/Coursier/v1/https/repo1.maven.org/maven2/io/github/alexarchambault/concurrent-reference-hash-map/1.1.0/concurrent-reference-hash-map-1.1.0.jar:/Users/nishagi/Library/Caches/Coursier/v1/https/repo1.maven.org/maven2/org/scala-lang/modules/scala-xml_2.13/2.3.0/scala-xml_2.13-2.3.0.jar:/Users/nishagi/Library/Caches/Coursier/v1/https/repo1.maven.org/maven2/com/google/guava/failureaccess/1.0.2/failureaccess-1.0.2.jar:/Users/nishagi/Library/Caches/Coursier/v1/https/repo1.maven.org/maven2/com/google/guava/listenablefuture/9999.0-empty-to-avoid-conflict-with-guava/listenablefuture-9999.0-empty-to-avoid-conflict-with-guava.jar:/Users/nishagi/Library/Caches/Coursier/v1/https/repo1.maven.org/maven2/com/google/code/findbugs/jsr305/3.0.2/jsr305-3.0.2.jar:/Users/nishagi/Library/Caches/Coursier/v1/https/repo1.maven.org/maven2/org/checkerframework/checker-qual/3.42.0/checker-qual-3.42.0.jar:/Users/nishagi/Library/Caches/Coursier/v1/https/repo1.maven.org/maven2/com/google/errorprone/error_prone_annotations/2.26.1/error_prone_annotations-2.26.1.jar:/Users/nishagi/Library/Caches/Coursier/v1/https/repo1.maven.org/maven2/com/google/j2objc/j2objc-annotations/3.0.0/j2objc-annotations-3.0.0.jar:/Users/nishagi/Library/Caches/Coursier/v1/https/repo1.maven.org/maven2/com/geirsson/metaconfig-pprint_3/0.12.0/metaconfig-pprint_3-0.12.0.jar:/Users/nishagi/Library/Caches/Coursier/v1/https/repo1.maven.org/maven2/org/typelevel/paiges-core_3/0.4.3/paiges-core_3-0.4.3.jar:/Users/nishagi/Library/Caches/Coursier/v1/https/repo1.maven.org/maven2/org/scala-lang/scala-reflect/2.13.14/scala-reflect-2.13.14.jar:/Users/nishagi/Library/Caches/Coursier/v1/https/repo1.maven.org/maven2/com/google/cloud/tools/jib-build-plan/0.4.0/jib-build-plan-0.4.0.jar:/Users/nishagi/Library/Caches/Coursier/v1/https/repo1.maven.org/maven2/com/google/http-client/google-http-client/1.34.0/google-http-client-1.34.0.jar:/Users/nishagi/Library/Caches/Coursier/v1/https/repo1.maven.org/maven2/com/google/http-client/google-http-client-apache-v2/1.34.0/google-http-client-apache-v2-1.34.0.jar:/Users/nishagi/Library/Caches/Coursier/v1/https/repo1.maven.org/maven2/com/google/auth/google-auth-library-oauth2-http/0.18.0/google-auth-library-oauth2-http-0.18.0.jar:/Users/nishagi/Library/Caches/Coursier/v1/https/repo1.maven.org/maven2/org/apache/commons/commons-compress/1.24.0/commons-compress-1.24.0.jar:/Users/nishagi/Library/Caches/Coursier/v1/https/repo1.maven.org/maven2/com/fasterxml/jackson/core/jackson-databind/2.13.3/jackson-databind-2.13.3.jar:/Users/nishagi/Library/Caches/Coursier/v1/https/repo1.maven.org/maven2/com/fasterxml/jackson/datatype/jackson-datatype-jsr310/2.13.3/jackson-datatype-jsr310-2.13.3.jar:/Users/nishagi/Library/Caches/Coursier/v1/https/repo1.maven.org/maven2/org/bouncycastle/bcprov-jdk18on/1.76/bcprov-jdk18on-1.76.jar:/Users/nishagi/Library/Caches/Coursier/v1/https/repo1.maven.org/maven2/org/scala-lang/scala3-compiler_3/3.3.1/scala3-compiler_3-3.3.1.jar:/Users/nishagi/Library/Caches/Coursier/v1/https/repo1.maven.org/maven2/org/scalameta/scalameta_2.13/4.9.8/scalameta_2.13-4.9.8.jar:/Users/nishagi/Library/Caches/Coursier/v1/https/repo1.maven.org/maven2/com/thesamet/scalapb/scalapb-runtime_2.13/0.11.17/scalapb-runtime_2.13-0.11.17.jar:/Users/nishagi/Library/Caches/Coursier/v1/https/repo1.maven.org/maven2/org/scala-native/tools_3/0.5.4/tools_3-0.5.4.jar:/Users/nishagi/Library/Caches/Coursier/v1/https/repo1.maven.org/maven2/org/scala-sbt/test-interface/1.0/test-interface-1.0.jar:/Users/nishagi/Library/Caches/Coursier/v1/https/repo1.maven.org/maven2/com/github/sbt/junit-interface/0.13.3/junit-interface-0.13.3.jar:/Users/nishagi/Library/Caches/Coursier/v1/https/repo1.maven.org/maven2/junit/junit/4.13.2/junit-4.13.2.jar:/Users/nishagi/Library/Caches/Coursier/v1/https/repo1.maven.org/maven2/com/lihaoyi/geny_3/1.1.0/geny_3-1.1.0.jar:/Users/nishagi/Library/Caches/Coursier/v1/https/repo1.maven.org/maven2/com/lihaoyi/fansi_3/0.5.0/fansi_3-0.5.0.jar:/Users/nishagi/Library/Caches/Coursier/v1/https/repo1.maven.org/maven2/org/scala-js/scalajs-js-envs_2.13/1.4.0/scalajs-js-envs_2.13-1.4.0.jar:/Users/nishagi/Library/Caches/Coursier/v1/https/repo1.maven.org/maven2/ch/epfl/scala/bloop-config_2.13/2.0.2/bloop-config_2.13-2.0.2.jar:/Users/nishagi/Library/Caches/Coursier/v1/https/repo1.maven.org/maven2/org/virtuslab/scala-cli/core_3/1.4.1/core_3-1.4.1.jar:/Users/nishagi/Library/Caches/Coursier/v1/https/repo1.maven.org/maven2/org/virtuslab/using_directives/1.1.1/using_directives-1.1.1.jar:/Users/nishagi/Library/Caches/Coursier/v1/https/repo1.maven.org/maven2/org/virtuslab/scala-cli/build-macros_3/1.4.1/build-macros_3-1.4.1.jar:/Users/nishagi/Library/Caches/Coursier/v1/https/repo1.maven.org/maven2/ch/epfl/scala/bsp4j/2.1.1/bsp4j-2.1.1.jar:/Users/nishagi/Library/Caches/Coursier/v1/https/repo1.maven.org/maven2/javax/inject/javax.inject/1/javax.inject-1.jar:/Users/nishagi/Library/Caches/Coursier/v1/https/repo1.maven.org/maven2/org/codehaus/plexus/plexus-utils/4.0.0/plexus-utils-4.0.0.jar:/Users/nishagi/Library/Caches/Coursier/v1/https/repo1.maven.org/maven2/org/codehaus/plexus/plexus-io/3.4.1/plexus-io-3.4.1.jar:/Users/nishagi/Library/Caches/Coursier/v1/https/repo1.maven.org/maven2/org/iq80/snappy/snappy/0.4/snappy-0.4.jar:/Users/nishagi/Library/Caches/Coursier/v1/https/repo1.maven.org/maven2/org/tukaani/xz/1.9/xz-1.9.jar:/Users/nishagi/Library/Caches/Coursier/v1/https/repo1.maven.org/maven2/com/github/luben/zstd-jni/1.5.5-10/zstd-jni-1.5.5-10.jar:/Users/nishagi/Library/Caches/Coursier/v1/https/repo1.maven.org/maven2/org/codehaus/plexus/plexus-classworlds/2.6.0/plexus-classworlds-2.6.0.jar:/Users/nishagi/Library/Caches/Coursier/v1/https/repo1.maven.org/maven2/org/apache/xbean/xbean-reflect/3.7/xbean-reflect-3.7.jar:/Users/nishagi/Library/Caches/Coursier/v1/https/repo1.maven.org/maven2/org/fusesource/jansi/jansi/1.18/jansi-1.18.jar:/Users/nishagi/Library/Caches/Coursier/v1/https/repo1.maven.org/maven2/org/apache/httpcomponents/httpclient/4.5.10/httpclient-4.5.10.jar:/Users/nishagi/Library/Caches/Coursier/v1/https/repo1.maven.org/maven2/org/apache/httpcomponents/httpcore/4.4.12/httpcore-4.4.12.jar:/Users/nishagi/Library/Caches/Coursier/v1/https/repo1.maven.org/maven2/io/opencensus/opencensus-api/0.24.0/opencensus-api-0.24.0.jar:/Users/nishagi/Library/Caches/Coursier/v1/https/repo1.maven.org/maven2/io/opencensus/opencensus-contrib-http-util/0.24.0/opencensus-contrib-http-util-0.24.0.jar:/Users/nishagi/Library/Caches/Coursier/v1/https/repo1.maven.org/maven2/com/google/auto/value/auto-value-annotations/1.6.6/auto-value-annotations-1.6.6.jar:/Users/nishagi/Library/Caches/Coursier/v1/https/repo1.maven.org/maven2/com/google/auth/google-auth-library-credentials/0.18.0/google-auth-library-credentials-0.18.0.jar:/Users/nishagi/Library/Caches/Coursier/v1/https/repo1.maven.org/maven2/com/google/http-client/google-http-client-jackson2/1.32.1/google-http-client-jackson2-1.32.1.jar:/Users/nishagi/Library/Caches/Coursier/v1/https/repo1.maven.org/maven2/com/fasterxml/jackson/core/jackson-annotations/2.13.3/jackson-annotations-2.13.3.jar:/Users/nishagi/Library/Caches/Coursier/v1/https/repo1.maven.org/maven2/com/fasterxml/jackson/core/jackson-core/2.13.3/jackson-core-2.13.3.jar:/Users/nishagi/Library/Caches/Coursier/v1/https/repo1.maven.org/maven2/org/scala-lang/scala3-interfaces/3.3.1/scala3-interfaces-3.3.1.jar:/Users/nishagi/Library/Caches/Coursier/v1/https/repo1.maven.org/maven2/org/scala-lang/tasty-core_3/3.3.1/tasty-core_3-3.3.1.jar:/Users/nishagi/Library/Caches/Coursier/v1/https/repo1.maven.org/maven2/org/scala-lang/modules/scala-asm/9.5.0-scala-1/scala-asm-9.5.0-scala-1.jar:/Users/nishagi/Library/Caches/Coursier/v1/https/repo1.maven.org/maven2/org/scala-sbt/compiler-interface/1.3.5/compiler-interface-1.3.5.jar:/Users/nishagi/Library/Caches/Coursier/v1/https/repo1.maven.org/maven2/org/jline/jline-reader/3.19.0/jline-reader-3.19.0.jar:/Users/nishagi/Library/Caches/Coursier/v1/https/repo1.maven.org/maven2/org/jline/jline-terminal/3.19.0/jline-terminal-3.19.0.jar:/Users/nishagi/Library/Caches/Coursier/v1/https/repo1.maven.org/maven2/org/jline/jline-terminal-jna/3.19.0/jline-terminal-jna-3.19.0.jar:/Users/nishagi/Library/Caches/Coursier/v1/https/repo1.maven.org/maven2/org/scalameta/parsers_2.13/4.9.8/parsers_2.13-4.9.8.jar:/Users/nishagi/Library/Caches/Coursier/v1/https/repo1.maven.org/maven2/org/scala-lang/scalap/2.13.14/scalap-2.13.14.jar:/Users/nishagi/Library/Caches/Coursier/v1/https/repo1.maven.org/maven2/com/thesamet/scalapb/lenses_2.13/0.11.17/lenses_2.13-0.11.17.jar:/Users/nishagi/Library/Caches/Coursier/v1/https/repo1.maven.org/maven2/com/google/protobuf/protobuf-java/3.19.6/protobuf-java-3.19.6.jar:/Users/nishagi/Library/Caches/Coursier/v1/https/repo1.maven.org/maven2/org/scala-lang/modules/scala-collection-compat_2.13/2.12.0/scala-collection-compat_2.13-2.12.0.jar:/Users/nishagi/Library/Caches/Coursier/v1/https/repo1.maven.org/maven2/org/scala-native/nir_3/0.5.4/nir_3-0.5.4.jar:/Users/nishagi/Library/Caches/Coursier/v1/https/repo1.maven.org/maven2/org/scala-native/util_3/0.5.4/util_3-0.5.4.jar:/Users/nishagi/Library/Caches/Coursier/v1/https/repo1.maven.org/maven2/org/hamcrest/hamcrest-core/1.3/hamcrest-core-1.3.jar:/Users/nishagi/Library/Caches/Coursier/v1/https/repo1.maven.org/maven2/org/scala-js/scalajs-logging_2.13/1.1.1/scalajs-logging_2.13-1.1.1.jar:/Users/nishagi/Library/Caches/Coursier/v1/https/repo1.maven.org/maven2/com/lihaoyi/unroll-annotation_2.13/0.1.12/unroll-annotation_2.13-0.1.12.jar:/Users/nishagi/Library/Caches/Coursier/v1/https/repo1.maven.org/maven2/io/github/alexarchambault/bleep/bloop-rifle_2.13/1.5.17-sc-2/bloop-rifle_2.13-1.5.17-sc-2.jar:/Users/nishagi/Library/Caches/Coursier/v1/https/repo1.maven.org/maven2/io/get-coursier/coursier-jvm_2.13/2.1.10/coursier-jvm_2.13-2.1.10.jar:/Users/nishagi/Library/Caches/Coursier/v1/https/repo1.maven.org/maven2/io/get-coursier/dependency_3/0.2.3/dependency_3-0.2.3.jar:/Users/nishagi/Library/Caches/Coursier/v1/https/repo1.maven.org/maven2/org/eclipse/jgit/org.eclipse.jgit/6.8.0.202311291450-r/org.eclipse.jgit-6.8.0.202311291450-r.jar:/Users/nishagi/Library/Caches/Coursier/v1/https/repo1.maven.org/maven2/org/scala-js/scalajs-env-jsdom-nodejs_2.13/1.1.0/scalajs-env-jsdom-nodejs_2.13-1.1.0.jar:/Users/nishagi/Library/Caches/Coursier/v1/https/repo1.maven.org/maven2/org/eclipse/lsp4j/org.eclipse.lsp4j.generator/0.20.1/org.eclipse.lsp4j.generator-0.20.1.jar:/Users/nishagi/Library/Caches/Coursier/v1/https/repo1.maven.org/maven2/org/eclipse/lsp4j/org.eclipse.lsp4j.jsonrpc/0.20.1/org.eclipse.lsp4j.jsonrpc-0.20.1.jar:/Users/nishagi/Library/Caches/Coursier/v1/https/repo1.maven.org/maven2/commons-logging/commons-logging/1.2/commons-logging-1.2.jar:/Users/nishagi/Library/Caches/Coursier/v1/https/repo1.maven.org/maven2/commons-codec/commons-codec/1.16.0/commons-codec-1.16.0.jar:/Users/nishagi/Library/Caches/Coursier/v1/https/repo1.maven.org/maven2/io/grpc/grpc-context/1.22.1/grpc-context-1.22.1.jar:/Users/nishagi/Library/Caches/Coursier/v1/https/repo1.maven.org/maven2/org/scala-sbt/util-interface/1.3.0/util-interface-1.3.0.jar:/Users/nishagi/Library/Caches/Coursier/v1/https/repo1.maven.org/maven2/org/scalameta/trees_2.13/4.9.8/trees_2.13-4.9.8.jar:/Users/nishagi/Library/Caches/Coursier/v1/https/repo1.maven.org/maven2/org/scala-lang/scala-compiler/2.13.14/scala-compiler-2.13.14.jar:/Users/nishagi/Library/Caches/Coursier/v1/https/repo1.maven.org/maven2/io/github/alexarchambault/libdaemon/libdaemon_2.13/0.0.11/libdaemon_2.13-0.0.11.jar:/Users/nishagi/Library/Caches/Coursier/v1/https/repo1.maven.org/maven2/io/github/alexarchambault/scala-cli/snailgun/snailgun-core_2.13/0.4.1-sc2/snailgun-core_2.13-0.4.1-sc2.jar:/Users/nishagi/Library/Caches/Coursier/v1/https/repo1.maven.org/maven2/com/github/alexarchambault/argonaut-shapeless_6.3_2.13/1.3.1/argonaut-shapeless_6.3_2.13-1.3.1.jar:/Users/nishagi/Library/Caches/Coursier/v1/https/repo1.maven.org/maven2/io/get-coursier/coursier_2.13/2.1.10/coursier_2.13-2.1.10.jar:/Users/nishagi/Library/Caches/Coursier/v1/https/repo1.maven.org/maven2/io/get-coursier/coursier-env_2.13/2.1.10/coursier-env_2.13-2.1.10.jar:/Users/nishagi/Library/Caches/Coursier/v1/https/repo1.maven.org/maven2/com/googlecode/javaewah/JavaEWAH/1.2.3/JavaEWAH-1.2.3.jar:/Users/nishagi/Library/Caches/Coursier/v1/https/repo1.maven.org/maven2/org/eclipse/xtend/org.eclipse.xtend.lib/2.28.0/org.eclipse.xtend.lib-2.28.0.jar:/Users/nishagi/Library/Caches/Coursier/v1/https/repo1.maven.org/maven2/com/google/code/gson/gson/2.10.1/gson-2.10.1.jar:/Users/nishagi/Library/Caches/Coursier/v1/https/repo1.maven.org/maven2/org/scalameta/common_2.13/4.9.8/common_2.13-4.9.8.jar:/Users/nishagi/Library/Caches/Coursier/v1/https/repo1.maven.org/maven2/io/github/java-diff-utils/java-diff-utils/4.12/java-diff-utils-4.12.jar:/Users/nishagi/Library/Caches/Coursier/v1/https/repo1.maven.org/maven2/io/argonaut/argonaut_2.13/6.3.8/argonaut_2.13-6.3.8.jar:/Users/nishagi/Library/Caches/Coursier/v1/https/repo1.maven.org/maven2/com/chuusai/shapeless_2.13/2.3.9/shapeless_2.13-2.3.9.jar:/Users/nishagi/Library/Caches/Coursier/v1/https/repo1.maven.org/maven2/org/eclipse/xtext/org.eclipse.xtext.xbase.lib/2.28.0/org.eclipse.xtext.xbase.lib-2.28.0.jar:/Users/nishagi/Library/Caches/Coursier/v1/https/repo1.maven.org/maven2/org/eclipse/xtend/org.eclipse.xtend.lib.macro/2.28.0/org.eclipse.xtend.lib.macro-2.28.0.jar:/Users/nishagi/Library/Caches/Coursier/v1/https/repo1.maven.org/maven2/com/lihaoyi/sourcecode_2.13/0.4.2/sourcecode_2.13-0.4.2.jar, scala.cli.ScalaCli, bsp, /Users/nishagi/myStuff/scalaPrac/practicle6)
2024.07.30 10:01:02 INFO  tracing is disabled for protocol BSP, to enable tracing of incoming and outgoing JSON messages create an empty file at /Users/nishagi/myStuff/scalaPrac/practicle6/.metals/bsp.trace.json or /Users/nishagi/Library/Caches/org.scalameta.metals/bsp.trace.json
2024.07.30 10:01:03 INFO  Scala CLI: Starting compilation server
2024.07.30 10:01:04 INFO  Scala CLI: Downloading https://repo1.maven.org/maven2/org/scala-lang/scala3-compiler_3/3.4.2/scala3-compiler_3-3.4.2.pom
2024.07.30 10:01:06 INFO  Scala CLI: Downloaded https://repo1.maven.org/maven2/org/scala-lang/scala3-compiler_3/3.4.2/scala3-compiler_3-3.4.2.pom
2024.07.30 10:01:06 INFO  Scala CLI: Downloading https://repo1.maven.org/maven2/org/scala-lang/scala3-library_3/3.4.2/scala3-library_3-3.4.2.pom
2024.07.30 10:01:06 INFO  Scala CLI: Downloading https://repo1.maven.org/maven2/org/scala-lang/modules/scala-asm/9.6.0-scala-1/scala-asm-9.6.0-scala-1.pom
2024.07.30 10:01:06 INFO  Scala CLI: Downloading https://repo1.maven.org/maven2/org/scala-sbt/compiler-interface/1.9.6/compiler-interface-1.9.6.pom
2024.07.30 10:01:06 INFO  Scala CLI: Downloading https://repo1.maven.org/maven2/org/scala-lang/tasty-core_3/3.4.2/tasty-core_3-3.4.2.pom
2024.07.30 10:01:06 INFO  Scala CLI: Downloading https://repo1.maven.org/maven2/org/jline/jline-terminal/3.25.1/jline-terminal-3.25.1.pom
2024.07.30 10:01:06 INFO  Scala CLI: Downloading https://repo1.maven.org/maven2/org/jline/jline-reader/3.25.1/jline-reader-3.25.1.pom
2024.07.30 10:01:06 INFO  Scala CLI: Downloaded https://repo1.maven.org/maven2/org/scala-lang/scala3-library_3/3.4.2/scala3-library_3-3.4.2.pom
2024.07.30 10:01:06 INFO  Scala CLI: Downloading https://repo1.maven.org/maven2/org/jline/jline-terminal-jna/3.25.1/jline-terminal-jna-3.25.1.pom
2024.07.30 10:01:06 INFO  Scala CLI: Downloaded https://repo1.maven.org/maven2/org/jline/jline-terminal-jna/3.25.1/jline-terminal-jna-3.25.1.pom
2024.07.30 10:01:06 INFO  Scala CLI: Downloading https://repo1.maven.org/maven2/org/scala-lang/scala3-interfaces/3.4.2/scala3-interfaces-3.4.2.pom
2024.07.30 10:01:07 INFO  Scala CLI: Downloaded https://repo1.maven.org/maven2/org/scala-lang/modules/scala-asm/9.6.0-scala-1/scala-asm-9.6.0-scala-1.pom
2024.07.30 10:01:07 INFO  Scala CLI: Downloaded https://repo1.maven.org/maven2/org/jline/jline-terminal/3.25.1/jline-terminal-3.25.1.pom
2024.07.30 10:01:07 INFO  Scala CLI: Downloaded https://repo1.maven.org/maven2/org/scala-lang/scala3-interfaces/3.4.2/scala3-interfaces-3.4.2.pom
2024.07.30 10:01:07 INFO  Scala CLI: Downloaded https://repo1.maven.org/maven2/org/scala-lang/tasty-core_3/3.4.2/tasty-core_3-3.4.2.pom
2024.07.30 10:01:07 INFO  Scala CLI: Downloaded https://repo1.maven.org/maven2/org/scala-sbt/compiler-interface/1.9.6/compiler-interface-1.9.6.pom
2024.07.30 10:01:07 INFO  Scala CLI: Downloaded https://repo1.maven.org/maven2/org/jline/jline-reader/3.25.1/jline-reader-3.25.1.pom
2024.07.30 10:01:07 INFO  Scala CLI: Downloading https://repo1.maven.org/maven2/org/scala-sbt/util-interface/1.9.8/util-interface-1.9.8.pom
2024.07.30 10:01:07 INFO  Scala CLI: Downloading https://repo1.maven.org/maven2/org/jline/jline-native/3.25.1/jline-native-3.25.1.pom
2024.07.30 10:01:07 INFO  Scala CLI: Downloaded https://repo1.maven.org/maven2/org/jline/jline-native/3.25.1/jline-native-3.25.1.pom
2024.07.30 10:01:07 INFO  Scala CLI: Downloaded https://repo1.maven.org/maven2/org/scala-sbt/util-interface/1.9.8/util-interface-1.9.8.pom
2024.07.30 10:01:07 INFO  Scala CLI: Downloading https://repo1.maven.org/maven2/org/scala-lang/scala3-interfaces/3.4.2/scala3-interfaces-3.4.2.jar
2024.07.30 10:01:07 INFO  Scala CLI: Downloading https://repo1.maven.org/maven2/org/scala-sbt/util-interface/1.9.8/util-interface-1.9.8.jar
2024.07.30 10:01:07 INFO  Scala CLI: Downloading https://repo1.maven.org/maven2/org/scala-lang/scala3-library_3/3.4.2/scala3-library_3-3.4.2.jar
2024.07.30 10:01:07 INFO  Scala CLI: Downloading https://repo1.maven.org/maven2/org/scala-lang/scala3-compiler_3/3.4.2/scala3-compiler_3-3.4.2.jar
2024.07.30 10:01:07 INFO  Scala CLI: Downloading https://repo1.maven.org/maven2/org/scala-lang/modules/scala-asm/9.6.0-scala-1/scala-asm-9.6.0-scala-1.jar
2024.07.30 10:01:07 INFO  Scala CLI: Downloading https://repo1.maven.org/maven2/org/jline/jline-terminal/3.25.1/jline-terminal-3.25.1.jar
2024.07.30 10:01:07 INFO  Scala CLI: Downloaded https://repo1.maven.org/maven2/org/scala-lang/scala3-interfaces/3.4.2/scala3-interfaces-3.4.2.jar
2024.07.30 10:01:07 INFO  Scala CLI: Downloading https://repo1.maven.org/maven2/org/jline/jline-reader/3.25.1/jline-reader-3.25.1.jar
2024.07.30 10:01:07 INFO  Scala CLI: Downloaded https://repo1.maven.org/maven2/org/scala-sbt/util-interface/1.9.8/util-interface-1.9.8.jar
2024.07.30 10:01:07 INFO  Scala CLI: Downloading https://repo1.maven.org/maven2/org/scala-lang/tasty-core_3/3.4.2/tasty-core_3-3.4.2.jar
2024.07.30 10:01:08 INFO  Scala CLI: Downloaded https://repo1.maven.org/maven2/org/scala-lang/tasty-core_3/3.4.2/tasty-core_3-3.4.2.jar
2024.07.30 10:01:08 INFO  Scala CLI: Downloading https://repo1.maven.org/maven2/org/scala-sbt/compiler-interface/1.9.6/compiler-interface-1.9.6.jar
2024.07.30 10:01:08 INFO  Scala CLI: Downloaded https://repo1.maven.org/maven2/org/jline/jline-terminal/3.25.1/jline-terminal-3.25.1.jar
2024.07.30 10:01:08 INFO  Scala CLI: Downloading https://repo1.maven.org/maven2/org/jline/jline-terminal-jna/3.25.1/jline-terminal-jna-3.25.1.jar
2024.07.30 10:01:08 INFO  Scala CLI: Downloaded https://repo1.maven.org/maven2/org/scala-lang/modules/scala-asm/9.6.0-scala-1/scala-asm-9.6.0-scala-1.jar
2024.07.30 10:01:08 INFO  Scala CLI: Downloading https://repo1.maven.org/maven2/org/jline/jline-native/3.25.1/jline-native-3.25.1.jar
2024.07.30 10:01:08 INFO  Scala CLI: Downloaded https://repo1.maven.org/maven2/org/jline/jline-reader/3.25.1/jline-reader-3.25.1.jar
2024.07.30 10:01:08 INFO  Scala CLI: Downloaded https://repo1.maven.org/maven2/org/jline/jline-terminal-jna/3.25.1/jline-terminal-jna-3.25.1.jar
2024.07.30 10:01:08 INFO  Scala CLI: Downloaded https://repo1.maven.org/maven2/org/scala-sbt/compiler-interface/1.9.6/compiler-interface-1.9.6.jar
2024.07.30 10:01:08 INFO  Scala CLI: Downloaded https://repo1.maven.org/maven2/org/jline/jline-native/3.25.1/jline-native-3.25.1.jar
2024.07.30 10:01:10 INFO  Scala CLI: Downloaded https://repo1.maven.org/maven2/org/scala-lang/scala3-library_3/3.4.2/scala3-library_3-3.4.2.jar
2024.07.30 10:01:15 INFO  Scala CLI: Still downloading:
2024.07.30 10:01:15 INFO  Scala CLI: https://repo1.maven.org/maven2/org/scala-lang/scala3-compiler_3/3.4.2/scala3-compiler_3-3.4.2.jar (30.93 %, 6438912 / 20817018)
2024.07.30 10:01:15 INFO  Scala CLI: 
2024.07.30 10:01:21 INFO  Scala CLI: Still downloading:
2024.07.30 10:01:21 INFO  Scala CLI: https://repo1.maven.org/maven2/org/scala-lang/scala3-compiler_3/3.4.2/scala3-compiler_3-3.4.2.jar (56.12 %, 11681792 / 20817018)
2024.07.30 10:01:21 INFO  Scala CLI: 
2024.07.30 10:01:26 INFO  Scala CLI: Still downloading:
2024.07.30 10:01:26 INFO  Scala CLI: https://repo1.maven.org/maven2/org/scala-lang/scala3-compiler_3/3.4.2/scala3-compiler_3-3.4.2.jar (77.60 %, 16154624 / 20817018)
2024.07.30 10:01:26 INFO  Scala CLI: 
2024.07.30 10:01:31 INFO  Scala CLI: Downloaded https://repo1.maven.org/maven2/org/scala-lang/scala3-compiler_3/3.4.2/scala3-compiler_3-3.4.2.jar
2024.07.30 10:01:31 INFO  Scala CLI: Downloading https://repo1.maven.org/maven2/org/scala-lang/scala3-sbt-bridge/3.4.2/scala3-sbt-bridge-3.4.2.pom
2024.07.30 10:01:31 INFO  Scala CLI: Downloaded https://repo1.maven.org/maven2/org/scala-lang/scala3-sbt-bridge/3.4.2/scala3-sbt-bridge-3.4.2.pom
2024.07.30 10:01:31 INFO  Scala CLI: Downloading https://repo1.maven.org/maven2/org/scala-lang/scala3-sbt-bridge/3.4.2/scala3-sbt-bridge-3.4.2.jar
2024.07.30 10:01:31 INFO  Scala CLI: Downloaded https://repo1.maven.org/maven2/org/scala-lang/scala3-sbt-bridge/3.4.2/scala3-sbt-bridge-3.4.2.jar
2024.07.30 10:01:31 INFO  Scala CLI: Downloading https://repo1.maven.org/maven2/org/scala-lang/scala3-library_3/3.4.2/scala3-library_3-3.4.2-sources.jar
2024.07.30 10:01:31 INFO  Scala CLI: Downloading https://repo1.maven.org/maven2/org/scala-lang/scala-library/2.13.12/scala-library-2.13.12-sources.jar
2024.07.30 10:01:32 INFO  Scala CLI: Downloaded https://repo1.maven.org/maven2/org/scala-lang/scala3-library_3/3.4.2/scala3-library_3-3.4.2-sources.jar
2024.07.30 10:01:34 INFO  Scala CLI: Downloaded https://repo1.maven.org/maven2/org/scala-lang/scala-library/2.13.12/scala-library-2.13.12-sources.jar
2024.07.30 10:01:34 INFO  Connected to Scala CLI server v1.4.1
2024.07.30 10:01:35 INFO  compiling practicle6_f4dd477a3a (2 scala sources)
2024.07.30 10:01:36 WARN  Flyway upgrade recommended: H2 2.3.230 is newer than this version of Flyway and support has not been tested. The latest supported version of H2 is 2.2.220.
2024.07.30 10:01:37 INFO  time: compiled practicle6_f4dd477a3a in 2.22s
2024.07.30 10:01:40 INFO  time: indexed workspace in 6.04s
2024.07.30 10:03:12 INFO  Scala CLI started for /Users/nishagi/myStuff/scalaPrac/practicle6
2024.07.30 10:03:12 WARN  no build tool detected in workspace '/Users/nishagi/myStuff/scalaPrac/practicle6'. The most common cause for this problem is that the editor was opened in the wrong working directory, for example if you use sbt then the workspace directory should contain build.sbt. 
2024.07.30 10:03:12 WARN  Build server is not auto-connectable.
2024.07.30 10:03:55 INFO  compiling practicle6_f4dd477a3a (1 scala source)
2024.07.30 10:03:55 INFO  time: compiled practicle6_f4dd477a3a in 0.38s
ජූලි 30, 2024 10:04:07 පෙ.ව. org.eclipse.lsp4j.jsonrpc.services.GenericEndpoint notify
INFO: Unsupported notification method: $/setTrace
ජූලි 30, 2024 10:08:29 පෙ.ව. org.eclipse.lsp4j.jsonrpc.RemoteEndpoint handleCancellation
WARNING: Unmatched cancel notification for request id 260
2024.07.30 10:09:29 INFO  compiling practicle6_f4dd477a3a (1 scala source)
2024.07.30 10:09:29 INFO  time: compiled practicle6_f4dd477a3a in 0.53s
ජූලි 30, 2024 10:12:26 පෙ.ව. org.eclipse.lsp4j.jsonrpc.RemoteEndpoint handleCancellation
WARNING: Unmatched cancel notification for request id 377
ජූලි 30, 2024 10:17:04 පෙ.ව. org.eclipse.lsp4j.jsonrpc.RemoteEndpoint handleCancellation
WARNING: Unmatched cancel notification for request id 462
ජූලි 30, 2024 10:37:38 පෙ.ව. org.eclipse.lsp4j.jsonrpc.RemoteEndpoint handleCancellation
WARNING: Unmatched cancel notification for request id 686
ජූලි 30, 2024 10:51:57 පෙ.ව. org.eclipse.lsp4j.jsonrpc.RemoteEndpoint handleCancellation
WARNING: Unmatched cancel notification for request id 887
2024.07.30 10:58:37 INFO  compiling practicle6_f4dd477a3a (1 scala source)
2024.07.30 10:58:37 INFO  time: compiled practicle6_f4dd477a3a in 0.34s
2024.07.30 10:58:40 INFO  compiling practicle6_f4dd477a3a (1 scala source)
2024.07.30 10:58:40 INFO  time: compiled practicle6_f4dd477a3a in 0.28s
2024.07.30 10:58:54 INFO  compiling practicle6_f4dd477a3a (1 scala source)
2024.07.30 10:58:54 INFO  time: compiled practicle6_f4dd477a3a in 0.23s
2024.07.30 10:58:56 INFO  compiling practicle6_f4dd477a3a (1 scala source)
2024.07.30 10:58:56 INFO  time: compiled practicle6_f4dd477a3a in 0.25s
2024.07.30 11:30:53 INFO  compiling practicle6_f4dd477a3a (1 scala source)
2024.07.30 11:30:53 INFO  time: compiled practicle6_f4dd477a3a in 0.15s
ජූලි 30, 2024 11:33:55 පෙ.ව. org.eclipse.lsp4j.jsonrpc.RemoteEndpoint handleCancellation
WARNING: Unmatched cancel notification for request id 1536
2024.07.30 11:53:31 INFO  compiling practicle6_f4dd477a3a (1 scala source)
2024.07.30 11:53:31 INFO  time: compiled practicle6_f4dd477a3a in 0.27s
2024.07.30 12:08:41 INFO  compiling practicle6_f4dd477a3a (1 scala source)
2024.07.30 12:08:41 INFO  time: compiled practicle6_f4dd477a3a in 0.2s
2024.07.30 12:08:45 INFO  compiling practicle6_f4dd477a3a (1 scala source)
2024.07.30 12:08:45 INFO  time: compiled practicle6_f4dd477a3a in 0.14s
2024.07.30 12:08:47 INFO  compiling practicle6_f4dd477a3a (1 scala source)
2024.07.30 12:08:47 INFO  time: compiled practicle6_f4dd477a3a in 0.17s
2024.07.30 12:08:50 INFO  compiling practicle6_f4dd477a3a (1 scala source)
2024.07.30 12:08:50 INFO  time: compiled practicle6_f4dd477a3a in 0.13s
2024.07.30 12:08:55 INFO  compiling practicle6_f4dd477a3a (1 scala source)
2024.07.30 12:08:55 INFO  time: compiled practicle6_f4dd477a3a in 0.18s
2024.07.30 12:08:57 INFO  compiling practicle6_f4dd477a3a (1 scala source)
2024.07.30 12:08:57 INFO  time: compiled practicle6_f4dd477a3a in 0.14s
2024.07.30 12:09:00 INFO  compiling practicle6_f4dd477a3a (1 scala source)
2024.07.30 12:09:00 INFO  time: compiled practicle6_f4dd477a3a in 0.14s
2024.07.30 12:10:18 INFO  compiling practicle6_f4dd477a3a (1 scala source)
2024.07.30 12:10:18 INFO  time: compiled practicle6_f4dd477a3a in 0.16s
2024.07.30 12:10:19 INFO  compiling practicle6_f4dd477a3a (1 scala source)
2024.07.30 12:10:19 INFO  time: compiled practicle6_f4dd477a3a in 0.13s
2024.07.30 12:10:23 INFO  compiling practicle6_f4dd477a3a (1 scala source)
2024.07.30 12:10:23 INFO  time: compiled practicle6_f4dd477a3a in 0.14s
2024.07.30 12:10:26 INFO  compiling practicle6_f4dd477a3a (1 scala source)
2024.07.30 12:10:26 INFO  time: compiled practicle6_f4dd477a3a in 0.14s
2024.07.30 12:10:28 INFO  compiling practicle6_f4dd477a3a (1 scala source)
2024.07.30 12:10:28 INFO  time: compiled practicle6_f4dd477a3a in 0.14s
2024.07.30 12:10:30 INFO  compiling practicle6_f4dd477a3a (1 scala source)
2024.07.30 12:10:30 INFO  time: compiled practicle6_f4dd477a3a in 0.12s
2024.07.30 12:10:32 INFO  compiling practicle6_f4dd477a3a (1 scala source)
2024.07.30 12:10:32 INFO  time: compiled practicle6_f4dd477a3a in 0.13s
2024.07.30 12:10:34 INFO  compiling practicle6_f4dd477a3a (1 scala source)
2024.07.30 12:10:34 INFO  time: compiled practicle6_f4dd477a3a in 0.11s
2024.07.30 12:11:23 INFO  compiling practicle6_f4dd477a3a (1 scala source)
2024.07.30 12:11:23 INFO  time: compiled practicle6_f4dd477a3a in 0.18s
2024.07.30 12:11:24 INFO  compiling practicle6_f4dd477a3a (1 scala source)
2024.07.30 12:11:24 INFO  time: compiled practicle6_f4dd477a3a in 0.12s
2024.07.30 12:11:27 INFO  compiling practicle6_f4dd477a3a (1 scala source)
2024.07.30 12:11:27 INFO  time: compiled practicle6_f4dd477a3a in 0.12s
2024.07.30 12:12:40 INFO  compiling practicle6_f4dd477a3a (1 scala source)
2024.07.30 12:12:40 INFO  time: compiled practicle6_f4dd477a3a in 62ms
2024.07.30 12:12:41 INFO  compiling practicle6_f4dd477a3a (1 scala source)
2024.07.30 12:12:41 INFO  time: compiled practicle6_f4dd477a3a in 0.11s
2024.07.30 12:12:55 INFO  compiling practicle6_f4dd477a3a (1 scala source)
2024.07.30 12:12:55 INFO  time: compiled practicle6_f4dd477a3a in 0.11s
2024.07.30 12:12:56 INFO  compiling practicle6_f4dd477a3a (1 scala source)
2024.07.30 12:12:56 INFO  time: compiled practicle6_f4dd477a3a in 99ms
2024.07.30 18:45:28 INFO  Shutting down server
2024.07.30 18:45:28 INFO  shutting down Metals
2024.07.30 18:45:28 INFO  Shut down connection with build server.
2024.07.30 18:45:28 INFO  Exiting server
